<?xml version="1.0" encoding="UTF-8"?>
<!-- Generated by org.testng.reporters.JUnitXMLReporter -->
<testsuite ignored="0" hostname="DESKTOP-5HDMOT8" failures="0" tests="5" name="Open Cart Home Page Test_chromium" time="24.774" errors="0" timestamp="2022-12-16T15:49:35 IST">
  <testcase classname="com.qa.opencart.tests.HomePageTest" name="homePageTitleTest" time="0.046"/>
  <testcase classname="com.qa.opencart.tests.HomePageTest" name="homePageUrlTest" time="0.003"/>
  <testcase classname="com.qa.opencart.tests.HomePageTest" name="searchTest" time="1.473"/>
  <testcase classname="com.qa.opencart.tests.HomePageTest" name="searchTest" time="1.68"/>
  <testcase classname="com.qa.opencart.tests.HomePageTest" name="searchTest" time="1.135"/>
</testsuite> <!-- Open Cart Home Page Test_chromium -->
