<?xml version="1.0" encoding="UTF-8"?>
<!-- Generated by org.testng.reporters.JUnitXMLReporter -->
<testsuite ignored="0" hostname="DESKTOP-5HDMOT8" failures="0" tests="3" name="Open Cart Login Page Test" time="18.807" errors="0" timestamp="2022-12-16T11:49:26 IST">
  <testcase classname="com.qa.opencart.tests.LoginPageTest" name="loginPageNavigationTest" time="3.549"/>
  <testcase classname="com.qa.opencart.tests.LoginPageTest" name="forgotPwdLinkWxistTest" time="0.016"/>
  <testcase classname="com.qa.opencart.tests.LoginPageTest" name="appLoginTest" time="3.241"/>
</testsuite> <!-- Open Cart Login Page Test -->
