<?xml version="1.0" encoding="UTF-8"?>
<!-- Generated by org.testng.reporters.JUnitXMLReporter -->
<testsuite ignored="0" hostname="DESKTOP-5HDMOT8" failures="0" tests="5" name="Open Cart Home Page Test_firefox" time="34.973" errors="0" timestamp="2022-12-16T15:49:44 IST">
  <testcase classname="com.qa.opencart.tests.HomePageTest" name="homePageTitleTest" time="0.031"/>
  <testcase classname="com.qa.opencart.tests.HomePageTest" name="homePageUrlTest" time="0.002"/>
  <testcase classname="com.qa.opencart.tests.HomePageTest" name="searchTest" time="1.138"/>
  <testcase classname="com.qa.opencart.tests.HomePageTest" name="searchTest" time="0.796"/>
  <testcase classname="com.qa.opencart.tests.HomePageTest" name="searchTest" time="0.822"/>
</testsuite> <!-- Open Cart Home Page Test_firefox -->
