<?xml version="1.0" encoding="UTF-8"?>
<!-- Generated by org.testng.reporters.JUnitXMLReporter -->
<testsuite ignored="0" hostname="DESKTOP-5HDMOT8" failures="0" tests="3" name="Open Cart Login Page Test_Edge" time="29.541" errors="0" timestamp="2022-12-16T15:49:39 IST">
  <testcase classname="com.qa.opencart.tests.LoginPageTest" name="loginPageNavigationTest" time="1.29"/>
  <testcase classname="com.qa.opencart.tests.LoginPageTest" name="forgotPwdLinkWxistTest" time="0.067"/>
  <testcase classname="com.qa.opencart.tests.LoginPageTest" name="appLoginTest" time="2.2"/>
</testsuite> <!-- Open Cart Login Page Test_Edge -->
