<?xml version="1.0" encoding="UTF-8"?>
<!-- Generated by org.testng.reporters.JUnitXMLReporter -->
<testsuite ignored="0" hostname="DESKTOP-5HDMOT8" failures="0" tests="3" name="Open Cart Login Page Test_chrome" time="25.738" errors="0" timestamp="2022-12-16T15:49:35 IST">
  <testcase classname="com.qa.opencart.tests.LoginPageTest" name="loginPageNavigationTest" time="1.911"/>
  <testcase classname="com.qa.opencart.tests.LoginPageTest" name="forgotPwdLinkWxistTest" time="0.273"/>
  <testcase classname="com.qa.opencart.tests.LoginPageTest" name="appLoginTest" time="1.942"/>
</testsuite> <!-- Open Cart Login Page Test_chrome -->
