<?xml version="1.0" encoding="UTF-8"?>
<!-- Generated by org.testng.reporters.JUnitXMLReporter -->
<testsuite ignored="0" hostname="DESKTOP-5HDMOT8" failures="0" tests="5" name="Open Cart Home Page Test" time="23.908" errors="0" timestamp="2022-12-16T11:49:30 IST">
  <testcase classname="com.qa.opencart.tests.HomePageTest" name="homePageTitleTest" time="0.044"/>
  <testcase classname="com.qa.opencart.tests.HomePageTest" name="homePageUrlTest" time="0.006"/>
  <testcase classname="com.qa.opencart.tests.HomePageTest" name="searchTest" time="2.557"/>
  <testcase classname="com.qa.opencart.tests.HomePageTest" name="searchTest" time="5.492"/>
  <testcase classname="com.qa.opencart.tests.HomePageTest" name="searchTest" time="2.643"/>
</testsuite> <!-- Open Cart Home Page Test -->
