<?xml version="1.0" encoding="UTF-8"?>
<!-- Generated by org.testng.reporters.JUnitXMLReporter -->
<testsuite ignored="0" hostname="DESKTOP-5HDMOT8" failures="0" tests="5" name="Open Cart Home Page Test_Chrome" time="24.661" errors="0" timestamp="2022-12-15T10:06:10 IST">
  <testcase classname="com.qa.opencart.tests.HomePageTest" name="homePageTitleTest" time="0.035"/>
  <testcase classname="com.qa.opencart.tests.HomePageTest" name="homePageUrlTest" time="0.01"/>
  <testcase classname="com.qa.opencart.tests.HomePageTest" name="searchTest" time="0.854"/>
  <testcase classname="com.qa.opencart.tests.HomePageTest" name="searchTest" time="0.735"/>
  <testcase classname="com.qa.opencart.tests.HomePageTest" name="searchTest" time="0.524"/>
</testsuite> <!-- Open Cart Home Page Test_Chrome -->
