<?xml version="1.0" encoding="UTF-8"?>
<!-- Generated by org.testng.reporters.JUnitXMLReporter -->
<testsuite ignored="0" hostname="DESKTOP-5HDMOT8" failures="0" tests="3" name="Open Cart Login Page Test_Edge" time="30.514" errors="0" timestamp="2022-12-12T11:57:50 IST">
  <testcase classname="com.qa.opencart.tests.LoginPageTest" name="loginPageNavigationTest" time="1.966"/>
  <testcase classname="com.qa.opencart.tests.LoginPageTest" name="forgotPwdLinkWxistTest" time="0.156"/>
  <testcase classname="com.qa.opencart.tests.LoginPageTest" name="appLoginTest" time="2.998"/>
</testsuite> <!-- Open Cart Login Page Test_Edge -->
