<?xml version="1.0" encoding="UTF-8"?>
<!-- Generated by org.testng.reporters.JUnitXMLReporter -->
<testsuite ignored="0" hostname="DESKTOP-5HDMOT8" failures="0" tests="5" name="Open Cart Home Page Test" time="15.001" errors="0" timestamp="2022-12-12T11:19:58 IST">
  <testcase classname="com.qa.opencart.tests.HomePageTest" name="homePageTitleTest" time="0.15"/>
  <testcase classname="com.qa.opencart.tests.HomePageTest" name="homePageUrlTest" time="0.004"/>
  <testcase classname="com.qa.opencart.tests.HomePageTest" name="searchTest" time="0.864"/>
  <testcase classname="com.qa.opencart.tests.HomePageTest" name="searchTest" time="0.836"/>
  <testcase classname="com.qa.opencart.tests.HomePageTest" name="searchTest" time="0.596"/>
</testsuite> <!-- Open Cart Home Page Test -->
