<?xml version="1.0" encoding="UTF-8"?>
<!-- Generated by org.testng.reporters.JUnitXMLReporter -->
<testsuite ignored="0" hostname="DESKTOP-5HDMOT8" failures="0" tests="3" name="Open Cart Login Page Test_Firefox" time="20.855" errors="0" timestamp="2022-12-15T10:06:06 IST">
  <testcase classname="com.qa.opencart.tests.LoginPageTest" name="loginPageNavigationTest" time="0.955"/>
  <testcase classname="com.qa.opencart.tests.LoginPageTest" name="forgotPwdLinkWxistTest" time="0.057"/>
  <testcase classname="com.qa.opencart.tests.LoginPageTest" name="appLoginTest" time="0.982"/>
</testsuite> <!-- Open Cart Login Page Test_Firefox -->
