<?xml version="1.0" encoding="UTF-8"?>
<!-- Generated by org.testng.reporters.JUnitXMLReporter -->
<testsuite ignored="0" hostname="DESKTOP-5HDMOT8" failures="0" tests="5" name="Open Cart Home Page Test_firefox" time="58.812" errors="0" timestamp="2023-01-02T22:35:51 IST">
  <testcase classname="com.qa.opencart.tests.HomePageTest" name="homePageTitleTest" time="0.057"/>
  <testcase classname="com.qa.opencart.tests.HomePageTest" name="homePageUrlTest" time="0.009"/>
  <testcase classname="com.qa.opencart.tests.HomePageTest" name="searchTest" time="1.069"/>
  <testcase classname="com.qa.opencart.tests.HomePageTest" name="searchTest" time="0.799"/>
  <testcase classname="com.qa.opencart.tests.HomePageTest" name="searchTest" time="0.758"/>
</testsuite> <!-- Open Cart Home Page Test_firefox -->
