<?xml version="1.0" encoding="UTF-8"?>
<!-- Generated by org.testng.reporters.JUnitXMLReporter -->
<testsuite ignored="0" hostname="DESKTOP-5HDMOT8" failures="0" tests="5" name="Open Cart Home Page Test_Chrome" time="26.558" errors="0" timestamp="2022-12-12T11:57:46 IST">
  <testcase classname="com.qa.opencart.tests.HomePageTest" name="homePageTitleTest" time="0.411"/>
  <testcase classname="com.qa.opencart.tests.HomePageTest" name="homePageUrlTest" time="0.01"/>
  <testcase classname="com.qa.opencart.tests.HomePageTest" name="searchTest" time="2.097"/>
  <testcase classname="com.qa.opencart.tests.HomePageTest" name="searchTest" time="2.709"/>
  <testcase classname="com.qa.opencart.tests.HomePageTest" name="searchTest" time="1.187"/>
</testsuite> <!-- Open Cart Home Page Test_Chrome -->
