<?xml version="1.0" encoding="UTF-8"?>
<!-- Generated by org.testng.reporters.JUnitXMLReporter -->
<testsuite ignored="0" hostname="DESKTOP-5HDMOT8" failures="0" tests="5" name="Open Cart Home Page Test_Chromium" time="26.872" errors="0" timestamp="2022-12-12T11:57:47 IST">
  <testcase classname="com.qa.opencart.tests.HomePageTest" name="homePageTitleTest" time="0.017"/>
  <testcase classname="com.qa.opencart.tests.HomePageTest" name="homePageUrlTest" time="0.001"/>
  <testcase classname="com.qa.opencart.tests.HomePageTest" name="searchTest" time="1.305"/>
  <testcase classname="com.qa.opencart.tests.HomePageTest" name="searchTest" time="1.147"/>
  <testcase classname="com.qa.opencart.tests.HomePageTest" name="searchTest" time="0.992"/>
</testsuite> <!-- Open Cart Home Page Test_Chromium -->
