<?xml version="1.0" encoding="UTF-8"?>
<!-- Generated by org.testng.reporters.JUnitXMLReporter -->
<testsuite ignored="0" hostname="DESKTOP-5HDMOT8" failures="0" tests="5" name="Open Cart Home Page Test_chromium" time="40.112" errors="0" timestamp="2023-01-02T22:35:34 IST">
  <testcase classname="com.qa.opencart.tests.HomePageTest" name="homePageTitleTest" time="0.209"/>
  <testcase classname="com.qa.opencart.tests.HomePageTest" name="homePageUrlTest" time="0.009"/>
  <testcase classname="com.qa.opencart.tests.HomePageTest" name="searchTest" time="2.679"/>
  <testcase classname="com.qa.opencart.tests.HomePageTest" name="searchTest" time="0.774"/>
  <testcase classname="com.qa.opencart.tests.HomePageTest" name="searchTest" time="0.687"/>
</testsuite> <!-- Open Cart Home Page Test_chromium -->
