<?xml version="1.0" encoding="UTF-8"?>
<testsuite xmlns:xsi="http://www.w3.org/2001/XMLSchema-instance" xsi:noNamespaceSchemaLocation="https://maven.apache.org/surefire/maven-surefire-plugin/xsd/surefire-test-report.xsd" name="TestSuite" time="15.218" tests="8" errors="0" skipped="0" failures="8">
  <properties>
[...]
</properties>
  <testcase name="homePageTitleTest" classname="com.qa.opencart.tests.HomePageTest" time="0.015">
    <failure message="Cannot invoke &quot;com.qa.opencart.pages.HomePage.getHomePageTitle()&quot; because &quot;this.homePage&quot; is null" type="java.lang.NullPointerException">java.lang.NullPointerException: Cannot invoke "com.qa.opencart.pages.HomePage.getHomePageTitle()" because "this.homePage" is null
	at com.qa.opencart.tests.HomePageTest.homePageTitleTest(HomePageTest.java:14)
</failure>
    <system-out><![CDATA[browser name= chrome
]]></system-out>
    <system-err><![CDATA[SLF4J: Failed to load class "org.slf4j.impl.StaticLoggerBinder".
SLF4J: Defaulting to no-operation (NOP) logger implementation
SLF4J: See http://www.slf4j.org/codes.html#StaticLoggerBinder for further details.
]]></system-err>
  </testcase>
  <testcase name="homePageUrlTest" classname="com.qa.opencart.tests.HomePageTest" time="0.002">
    <failure message="Cannot invoke &quot;com.qa.opencart.pages.HomePage.getHomePageURL()&quot; because &quot;this.homePage&quot; is null" type="java.lang.NullPointerException">java.lang.NullPointerException: Cannot invoke "com.qa.opencart.pages.HomePage.getHomePageURL()" because "this.homePage" is null
	at com.qa.opencart.tests.HomePageTest.homePageUrlTest(HomePageTest.java:20)
</failure>
  </testcase>
  <testcase name="searchTest" classname="com.qa.opencart.tests.HomePageTest" time="0.002">
    <failure message="Cannot invoke &quot;com.qa.opencart.pages.HomePage.doSearch(String)&quot; because &quot;this.homePage&quot; is null" type="java.lang.NullPointerException">java.lang.NullPointerException: Cannot invoke "com.qa.opencart.pages.HomePage.doSearch(String)" because "this.homePage" is null
	at com.qa.opencart.tests.HomePageTest.searchTest(HomePageTest.java:35)
</failure>
  </testcase>
  <testcase name="searchTest" classname="com.qa.opencart.tests.HomePageTest" time="0.002">
    <failure message="Cannot invoke &quot;com.qa.opencart.pages.HomePage.doSearch(String)&quot; because &quot;this.homePage&quot; is null" type="java.lang.NullPointerException">java.lang.NullPointerException: Cannot invoke "com.qa.opencart.pages.HomePage.doSearch(String)" because "this.homePage" is null
	at com.qa.opencart.tests.HomePageTest.searchTest(HomePageTest.java:35)
</failure>
  </testcase>
  <testcase name="searchTest" classname="com.qa.opencart.tests.HomePageTest" time="0.001">
    <failure message="Cannot invoke &quot;com.qa.opencart.pages.HomePage.doSearch(String)&quot; because &quot;this.homePage&quot; is null" type="java.lang.NullPointerException">java.lang.NullPointerException: Cannot invoke "com.qa.opencart.pages.HomePage.doSearch(String)" because "this.homePage" is null
	at com.qa.opencart.tests.HomePageTest.searchTest(HomePageTest.java:35)
</failure>
  </testcase>
  <testcase name="loginPageNavigationTest" classname="com.qa.opencart.tests.LoginPageTest" time="0.001">
    <failure message="Cannot invoke &quot;com.qa.opencart.pages.HomePage.navigateToLoginPage()&quot; because &quot;this.homePage&quot; is null" type="java.lang.NullPointerException">java.lang.NullPointerException: Cannot invoke "com.qa.opencart.pages.HomePage.navigateToLoginPage()" because "this.homePage" is null
	at com.qa.opencart.tests.LoginPageTest.loginPageNavigationTest(LoginPageTest.java:13)
</failure>
  </testcase>
  <testcase name="forgotPwdLinkWxistTest" classname="com.qa.opencart.tests.LoginPageTest" time="0.003">
    <failure message="Cannot invoke &quot;com.qa.opencart.pages.LoginPage.isforgotPwdLinkExist()&quot; because &quot;this.loginPage&quot; is null" type="java.lang.NullPointerException">java.lang.NullPointerException: Cannot invoke "com.qa.opencart.pages.LoginPage.isforgotPwdLinkExist()" because "this.loginPage" is null
	at com.qa.opencart.tests.LoginPageTest.forgotPwdLinkWxistTest(LoginPageTest.java:21)
</failure>
  </testcase>
  <testcase name="appLoginTest" classname="com.qa.opencart.tests.LoginPageTest" time="0.002">
    <failure message="Cannot invoke &quot;java.util.Properties.getProperty(String)&quot; because &quot;this.prop&quot; is null" type="java.lang.NullPointerException">java.lang.NullPointerException: Cannot invoke "java.util.Properties.getProperty(String)" because "this.prop" is null
	at com.qa.opencart.tests.LoginPageTest.appLoginTest(LoginPageTest.java:26)
</failure>
  </testcase>
</testsuite>