<?xml version="1.0" encoding="UTF-8"?>
<testsuite xmlns:xsi="http://www.w3.org/2001/XMLSchema-instance" xsi:noNamespaceSchemaLocation="https://maven.apache.org/surefire/maven-surefire-plugin/xsd/surefire-test-report-3.0.xsd" version="3.0" name="TestSuite" time="36.335" tests="16" errors="0" skipped="0" failures="0">
  <properties>
[...]
</properties>
  <testcase name="homePageTitleTest" classname="com.qa.opencart.tests.HomePageTest" time="0.074">
    <system-out><![CDATA[...
... TestNG 7.6.1 by Cédric Beust (cedric@beust.com)
...

Test Suite started!
Test Suite started!
Test Suite started!
Test Suite started!
browser name= edge
browser name= chromium
browser name= firefox
browser name= chrome
loginPageNavigationTest started!
homePageTitleTest started!
home page title: Your Store
homePageTitleTest passed!
]]></system-out>
    <system-err><![CDATA[SLF4J: Failed to load class "org.slf4j.impl.StaticLoggerBinder".
SLF4J: Defaulting to no-operation (NOP) logger implementation
SLF4J: See http://www.slf4j.org/codes.html#StaticLoggerBinder for further details.
]]></system-err>
  </testcase>
  <testcase name="homePageTitleTest" classname="com.qa.opencart.tests.HomePageTest" time="0.032">
    <system-out><![CDATA[Test Suite is ending!
Test Suite is ending!
Test Suite is ending!
homePageTitleTest started!
home page title: Your Store
homePageTitleTest passed!
]]></system-out>
  </testcase>
  <testcase name="homePageUrlTest" classname="com.qa.opencart.tests.HomePageTest" time="0.009">
    <system-out><![CDATA[homePageUrlTest started!
home page url: https://naveenautomationlabs.com/opencart/
homePageUrlTest passed!
]]></system-out>
  </testcase>
  <testcase name="homePageUrlTest" classname="com.qa.opencart.tests.HomePageTest" time="0.005">
    <system-out><![CDATA[homePageUrlTest started!
home page url: https://naveenautomationlabs.com/opencart/
homePageUrlTest passed!
]]></system-out>
  </testcase>
  <testcase name="searchTest[Macbook](1)" classname="com.qa.opencart.tests.HomePageTest" time="0.464">
    <system-out><![CDATA[appLoginTest started!
loginPageNavigationTest started!
searchTest passed!
]]></system-out>
  </testcase>
  <testcase name="searchTest[Macbook](1)" classname="com.qa.opencart.tests.HomePageTest" time="1.138">
    <system-out><![CDATA[searchTest started!
searchTest passed!
]]></system-out>
  </testcase>
  <testcase name="searchTest[iphone](2)" classname="com.qa.opencart.tests.HomePageTest" time="0.235">
    <system-out><![CDATA[forgotPwdLinkWxistTest started!
searchTest passed!
]]></system-out>
  </testcase>
  <testcase name="searchTest[iphone](2)" classname="com.qa.opencart.tests.HomePageTest" time="0.799">
    <system-out><![CDATA[searchTest started!
searchTest passed!
]]></system-out>
  </testcase>
  <testcase name="searchTest[Samsung](3)" classname="com.qa.opencart.tests.HomePageTest" time="1.095">
    <system-out><![CDATA[appLoginTest started!
searchTest passed!
]]></system-out>
  </testcase>
  <testcase name="searchTest[Samsung](3)" classname="com.qa.opencart.tests.HomePageTest" time="0.822">
    <system-out><![CDATA[searchTest started!
searchTest passed!
]]></system-out>
  </testcase>
  <testcase name="loginPageNavigationTest" classname="com.qa.opencart.tests.LoginPageTest" time="0.6">
    <system-out><![CDATA[searchTest started!
page actual title is: Account Login
loginPageNavigationTest passed!
]]></system-out>
  </testcase>
  <testcase name="loginPageNavigationTest" classname="com.qa.opencart.tests.LoginPageTest" time="1.447">
    <system-out><![CDATA[page actual title is: Account Login
loginPageNavigationTest passed!
]]></system-out>
  </testcase>
  <testcase name="forgotPwdLinkWxistTest" classname="com.qa.opencart.tests.LoginPageTest" time="0.073">
    <system-out><![CDATA[forgotPwdLinkWxistTest started!
forgotPwdLinkWxistTest passed!
]]></system-out>
  </testcase>
  <testcase name="forgotPwdLinkWxistTest" classname="com.qa.opencart.tests.LoginPageTest" time="0.039">
    <system-out><![CDATA[searchTest started!
forgotPwdLinkWxistTest passed!
]]></system-out>
  </testcase>
  <testcase name="appLoginTest" classname="com.qa.opencart.tests.LoginPageTest" time="1.418">
    <system-out><![CDATA[searchTest started!
User has Logged in successfully 
appLoginTest passed!
]]></system-out>
  </testcase>
  <testcase name="appLoginTest" classname="com.qa.opencart.tests.LoginPageTest" time="1.948">
    <system-out><![CDATA[User has Logged in successfully 
appLoginTest passed!
]]></system-out>
  </testcase>
</testsuite>