<?xml version="1.0" encoding="UTF-8"?>
<testng-results ignored="0" total="8" passed="8" failed="0" skipped="0">
  <reporter-output>
  </reporter-output>
  <suite started-at="2022-12-16T11:49:06 IST" name="Open Cart Test Regression PW Suite" finished-at="2022-12-16T11:49:30 IST" duration-ms="23908">
    <groups>
    </groups>
    <test started-at="2022-12-16T11:49:06 IST" name="Open Cart Login Page Test" finished-at="2022-12-16T11:49:25 IST" duration-ms="18807">
      <class name="com.qa.opencart.tests.LoginPageTest">
        <test-method is-config="true" signature="setup()[pri:0, instance:com.qa.opencart.tests.LoginPageTest@1349883]" started-at="2022-12-16T11:49:06 IST" name="setup" finished-at="2022-12-16T11:49:18 IST" duration-ms="11399" status="PASS">
          <reporter-output>
          </reporter-output>
        </test-method> <!-- setup -->
        <test-method signature="loginPageNavigationTest()[pri:1, instance:com.qa.opencart.tests.LoginPageTest@1349883]" started-at="2022-12-16T11:49:18 IST" name="loginPageNavigationTest" finished-at="2022-12-16T11:49:21 IST" duration-ms="3549" status="PASS">
          <reporter-output>
          </reporter-output>
        </test-method> <!-- loginPageNavigationTest -->
        <test-method signature="forgotPwdLinkWxistTest()[pri:2, instance:com.qa.opencart.tests.LoginPageTest@1349883]" started-at="2022-12-16T11:49:21 IST" name="forgotPwdLinkWxistTest" finished-at="2022-12-16T11:49:21 IST" duration-ms="16" status="PASS">
          <reporter-output>
          </reporter-output>
        </test-method> <!-- forgotPwdLinkWxistTest -->
        <test-method signature="appLoginTest()[pri:3, instance:com.qa.opencart.tests.LoginPageTest@1349883]" started-at="2022-12-16T11:49:21 IST" name="appLoginTest" finished-at="2022-12-16T11:49:25 IST" duration-ms="3241" status="PASS">
          <reporter-output>
          </reporter-output>
        </test-method> <!-- appLoginTest -->
        <test-method is-config="true" signature="tearDown()[pri:0, instance:com.qa.opencart.tests.LoginPageTest@1349883]" started-at="2022-12-16T11:49:25 IST" name="tearDown" finished-at="2022-12-16T11:49:25 IST" duration-ms="536" status="PASS">
          <reporter-output>
          </reporter-output>
        </test-method> <!-- tearDown -->
      </class> <!-- com.qa.opencart.tests.LoginPageTest -->
    </test> <!-- Open Cart Login Page Test -->
    <test started-at="2022-12-16T11:49:06 IST" name="Open Cart Home Page Test" finished-at="2022-12-16T11:49:30 IST" duration-ms="23908">
      <class name="com.qa.opencart.tests.HomePageTest">
        <test-method is-config="true" signature="setup()[pri:0, instance:com.qa.opencart.tests.HomePageTest@54c5a2ff]" started-at="2022-12-16T11:49:06 IST" name="setup" finished-at="2022-12-16T11:49:19 IST" duration-ms="12673" status="PASS">
          <reporter-output>
          </reporter-output>
        </test-method> <!-- setup -->
        <test-method signature="homePageTitleTest()[pri:1, instance:com.qa.opencart.tests.HomePageTest@54c5a2ff]" started-at="2022-12-16T11:49:19 IST" name="homePageTitleTest" finished-at="2022-12-16T11:49:19 IST" duration-ms="44" status="PASS">
          <reporter-output>
          </reporter-output>
        </test-method> <!-- homePageTitleTest -->
        <test-method signature="homePageUrlTest()[pri:2, instance:com.qa.opencart.tests.HomePageTest@54c5a2ff]" started-at="2022-12-16T11:49:19 IST" name="homePageUrlTest" finished-at="2022-12-16T11:49:19 IST" duration-ms="6" status="PASS">
          <reporter-output>
          </reporter-output>
        </test-method> <!-- homePageUrlTest -->
        <test-method signature="searchTest(java.lang.String)[pri:3, instance:com.qa.opencart.tests.HomePageTest@54c5a2ff]" started-at="2022-12-16T11:49:19 IST" name="searchTest" data-provider="getProductData" finished-at="2022-12-16T11:49:22 IST" duration-ms="2557" status="PASS">
          <params>
            <param index="0">
              <value>
                <![CDATA[Macbook]]>
              </value>
            </param>
          </params>
          <reporter-output>
          </reporter-output>
        </test-method> <!-- searchTest -->
        <test-method signature="searchTest(java.lang.String)[pri:3, instance:com.qa.opencart.tests.HomePageTest@54c5a2ff]" started-at="2022-12-16T11:49:22 IST" name="searchTest" data-provider="getProductData" finished-at="2022-12-16T11:49:27 IST" duration-ms="5492" status="PASS">
          <params>
            <param index="0">
              <value>
                <![CDATA[iphone]]>
              </value>
            </param>
          </params>
          <reporter-output>
          </reporter-output>
        </test-method> <!-- searchTest -->
        <test-method signature="searchTest(java.lang.String)[pri:3, instance:com.qa.opencart.tests.HomePageTest@54c5a2ff]" started-at="2022-12-16T11:49:27 IST" name="searchTest" data-provider="getProductData" finished-at="2022-12-16T11:49:30 IST" duration-ms="2643" status="PASS">
          <params>
            <param index="0">
              <value>
                <![CDATA[Samsung]]>
              </value>
            </param>
          </params>
          <reporter-output>
          </reporter-output>
        </test-method> <!-- searchTest -->
        <test-method is-config="true" signature="tearDown()[pri:0, instance:com.qa.opencart.tests.HomePageTest@54c5a2ff]" started-at="2022-12-16T11:49:30 IST" name="tearDown" finished-at="2022-12-16T11:49:30 IST" duration-ms="405" status="PASS">
          <reporter-output>
          </reporter-output>
        </test-method> <!-- tearDown -->
      </class> <!-- com.qa.opencart.tests.HomePageTest -->
    </test> <!-- Open Cart Home Page Test -->
  </suite> <!-- Open Cart Test Regression PW Suite -->
</testng-results>
