<?xml version="1.0" encoding="UTF-8"?>
<testng-results ignored="0" total="8" passed="8" failed="0" skipped="0">
  <reporter-output>
  </reporter-output>
  <suite started-at="2022-12-15T10:05:45 IST" name="Open Cart Test Regression PW Suite" finished-at="2022-12-15T10:06:10 IST" duration-ms="24661">
    <groups>
    </groups>
    <test started-at="2022-12-15T10:05:45 IST" name="Open Cart Login Page Test_Firefox" finished-at="2022-12-15T10:06:06 IST" duration-ms="20855">
      <class name="com.qa.opencart.tests.LoginPageTest">
        <test-method is-config="true" signature="setup(java.lang.String)[pri:0, instance:com.qa.opencart.tests.LoginPageTest@7e057f43]" started-at="2022-12-15T10:05:45 IST" name="setup" finished-at="2022-12-15T10:06:03 IST" duration-ms="18004" status="PASS">
          <params>
            <param index="0">
              <value>
                <![CDATA[edge]]>
              </value>
            </param>
          </params>
          <reporter-output>
          </reporter-output>
        </test-method> <!-- setup -->
        <test-method signature="loginPageNavigationTest()[pri:1, instance:com.qa.opencart.tests.LoginPageTest@7e057f43]" started-at="2022-12-15T10:06:03 IST" name="loginPageNavigationTest" finished-at="2022-12-15T10:06:04 IST" duration-ms="955" status="PASS">
          <reporter-output>
          </reporter-output>
        </test-method> <!-- loginPageNavigationTest -->
        <test-method signature="forgotPwdLinkWxistTest()[pri:2, instance:com.qa.opencart.tests.LoginPageTest@7e057f43]" started-at="2022-12-15T10:06:04 IST" name="forgotPwdLinkWxistTest" finished-at="2022-12-15T10:06:05 IST" duration-ms="57" status="PASS">
          <reporter-output>
          </reporter-output>
        </test-method> <!-- forgotPwdLinkWxistTest -->
        <test-method signature="appLoginTest()[pri:3, instance:com.qa.opencart.tests.LoginPageTest@7e057f43]" started-at="2022-12-15T10:06:05 IST" name="appLoginTest" finished-at="2022-12-15T10:06:06 IST" duration-ms="982" status="PASS">
          <reporter-output>
          </reporter-output>
        </test-method> <!-- appLoginTest -->
        <test-method is-config="true" signature="tearDown()[pri:0, instance:com.qa.opencart.tests.LoginPageTest@7e057f43]" started-at="2022-12-15T10:06:06 IST" name="tearDown" finished-at="2022-12-15T10:06:06 IST" duration-ms="711" status="PASS">
          <reporter-output>
          </reporter-output>
        </test-method> <!-- tearDown -->
      </class> <!-- com.qa.opencart.tests.LoginPageTest -->
    </test> <!-- Open Cart Login Page Test_Firefox -->
    <test started-at="2022-12-15T10:05:45 IST" name="Open Cart Home Page Test_Chrome" finished-at="2022-12-15T10:06:10 IST" duration-ms="24661">
      <class name="com.qa.opencart.tests.HomePageTest">
        <test-method is-config="true" signature="setup(java.lang.String)[pri:0, instance:com.qa.opencart.tests.HomePageTest@543295b0]" started-at="2022-12-15T10:05:45 IST" name="setup" finished-at="2022-12-15T10:06:07 IST" duration-ms="21963" status="PASS">
          <params>
            <param index="0">
              <value>
                <![CDATA[chrome]]>
              </value>
            </param>
          </params>
          <reporter-output>
          </reporter-output>
        </test-method> <!-- setup -->
        <test-method signature="homePageTitleTest()[pri:1, instance:com.qa.opencart.tests.HomePageTest@543295b0]" started-at="2022-12-15T10:06:07 IST" name="homePageTitleTest" finished-at="2022-12-15T10:06:07 IST" duration-ms="35" status="PASS">
          <reporter-output>
          </reporter-output>
        </test-method> <!-- homePageTitleTest -->
        <test-method signature="homePageUrlTest()[pri:2, instance:com.qa.opencart.tests.HomePageTest@543295b0]" started-at="2022-12-15T10:06:07 IST" name="homePageUrlTest" finished-at="2022-12-15T10:06:07 IST" duration-ms="10" status="PASS">
          <reporter-output>
          </reporter-output>
        </test-method> <!-- homePageUrlTest -->
        <test-method signature="searchTest(java.lang.String)[pri:3, instance:com.qa.opencart.tests.HomePageTest@543295b0]" started-at="2022-12-15T10:06:07 IST" name="searchTest" data-provider="getProductData" finished-at="2022-12-15T10:06:08 IST" duration-ms="854" status="PASS">
          <params>
            <param index="0">
              <value>
                <![CDATA[Macbook]]>
              </value>
            </param>
          </params>
          <reporter-output>
          </reporter-output>
        </test-method> <!-- searchTest -->
        <test-method signature="searchTest(java.lang.String)[pri:3, instance:com.qa.opencart.tests.HomePageTest@543295b0]" started-at="2022-12-15T10:06:08 IST" name="searchTest" data-provider="getProductData" finished-at="2022-12-15T10:06:09 IST" duration-ms="735" status="PASS">
          <params>
            <param index="0">
              <value>
                <![CDATA[iphone]]>
              </value>
            </param>
          </params>
          <reporter-output>
          </reporter-output>
        </test-method> <!-- searchTest -->
        <test-method signature="searchTest(java.lang.String)[pri:3, instance:com.qa.opencart.tests.HomePageTest@543295b0]" started-at="2022-12-15T10:06:09 IST" name="searchTest" data-provider="getProductData" finished-at="2022-12-15T10:06:10 IST" duration-ms="524" status="PASS">
          <params>
            <param index="0">
              <value>
                <![CDATA[Samsung]]>
              </value>
            </param>
          </params>
          <reporter-output>
          </reporter-output>
        </test-method> <!-- searchTest -->
        <test-method is-config="true" signature="tearDown()[pri:0, instance:com.qa.opencart.tests.HomePageTest@543295b0]" started-at="2022-12-15T10:06:10 IST" name="tearDown" finished-at="2022-12-15T10:06:10 IST" duration-ms="487" status="PASS">
          <reporter-output>
          </reporter-output>
        </test-method> <!-- tearDown -->
      </class> <!-- com.qa.opencart.tests.HomePageTest -->
    </test> <!-- Open Cart Home Page Test_Chrome -->
  </suite> <!-- Open Cart Test Regression PW Suite -->
</testng-results>
