<?xml version="1.0" encoding="UTF-8"?>
<testng-results ignored="0" total="16" passed="14" failed="2" skipped="0">
  <reporter-output>
  </reporter-output>
  <suite started-at="2022-12-12T11:57:20 IST" name="Open Cart Test Regression PW Suite" finished-at="2022-12-12T11:57:54 IST" duration-ms="34744">
    <groups>
    </groups>
    <test started-at="2022-12-12T11:57:20 IST" name="Open Cart Home Page Test_Chrome" finished-at="2022-12-12T11:57:46 IST" duration-ms="26558">
      <class name="com.qa.opencart.tests.HomePageTest">
        <test-method is-config="true" signature="setup(java.lang.String)[pri:0, instance:com.qa.opencart.tests.HomePageTest@117159c0]" started-at="2022-12-12T11:57:20 IST" name="setup" finished-at="2022-12-12T11:57:36 IST" duration-ms="16085" status="PASS">
          <params>
            <param index="0">
              <value>
                <![CDATA[chrome]]>
              </value>
            </param>
          </params>
          <reporter-output>
          </reporter-output>
        </test-method> <!-- setup -->
        <test-method signature="homePageTitleTest()[pri:1, instance:com.qa.opencart.tests.HomePageTest@117159c0]" started-at="2022-12-12T11:57:36 IST" name="homePageTitleTest" finished-at="2022-12-12T11:57:37 IST" duration-ms="411" status="PASS">
          <reporter-output>
          </reporter-output>
        </test-method> <!-- homePageTitleTest -->
        <test-method signature="homePageUrlTest()[pri:2, instance:com.qa.opencart.tests.HomePageTest@117159c0]" started-at="2022-12-12T11:57:37 IST" name="homePageUrlTest" finished-at="2022-12-12T11:57:37 IST" duration-ms="10" status="PASS">
          <reporter-output>
          </reporter-output>
        </test-method> <!-- homePageUrlTest -->
        <test-method signature="searchTest(java.lang.String)[pri:3, instance:com.qa.opencart.tests.HomePageTest@117159c0]" started-at="2022-12-12T11:57:37 IST" name="searchTest" data-provider="getProductData" finished-at="2022-12-12T11:57:39 IST" duration-ms="2097" status="PASS">
          <params>
            <param index="0">
              <value>
                <![CDATA[Macbook]]>
              </value>
            </param>
          </params>
          <reporter-output>
          </reporter-output>
        </test-method> <!-- searchTest -->
        <test-method signature="searchTest(java.lang.String)[pri:3, instance:com.qa.opencart.tests.HomePageTest@117159c0]" started-at="2022-12-12T11:57:39 IST" name="searchTest" data-provider="getProductData" finished-at="2022-12-12T11:57:41 IST" duration-ms="2709" status="PASS">
          <params>
            <param index="0">
              <value>
                <![CDATA[iphone]]>
              </value>
            </param>
          </params>
          <reporter-output>
          </reporter-output>
        </test-method> <!-- searchTest -->
        <test-method signature="searchTest(java.lang.String)[pri:3, instance:com.qa.opencart.tests.HomePageTest@117159c0]" started-at="2022-12-12T11:57:41 IST" name="searchTest" data-provider="getProductData" finished-at="2022-12-12T11:57:43 IST" duration-ms="1187" status="PASS">
          <params>
            <param index="0">
              <value>
                <![CDATA[Samsung]]>
              </value>
            </param>
          </params>
          <reporter-output>
          </reporter-output>
        </test-method> <!-- searchTest -->
        <test-method is-config="true" signature="tearDown()[pri:0, instance:com.qa.opencart.tests.HomePageTest@117159c0]" started-at="2022-12-12T11:57:43 IST" name="tearDown" finished-at="2022-12-12T11:57:46 IST" duration-ms="3625" status="PASS">
          <reporter-output>
          </reporter-output>
        </test-method> <!-- tearDown -->
      </class> <!-- com.qa.opencart.tests.HomePageTest -->
    </test> <!-- Open Cart Home Page Test_Chrome -->
    <test started-at="2022-12-12T11:57:20 IST" name="Open Cart Home Page Test_Chromium" finished-at="2022-12-12T11:57:47 IST" duration-ms="26872">
      <class name="com.qa.opencart.tests.HomePageTest">
        <test-method is-config="true" signature="setup(java.lang.String)[pri:0, instance:com.qa.opencart.tests.HomePageTest@183ec003]" started-at="2022-12-12T11:57:20 IST" name="setup" finished-at="2022-12-12T11:57:40 IST" duration-ms="19900" status="PASS">
          <params>
            <param index="0">
              <value>
                <![CDATA[chromium]]>
              </value>
            </param>
          </params>
          <reporter-output>
          </reporter-output>
        </test-method> <!-- setup -->
        <test-method signature="homePageTitleTest()[pri:1, instance:com.qa.opencart.tests.HomePageTest@183ec003]" started-at="2022-12-12T11:57:40 IST" name="homePageTitleTest" finished-at="2022-12-12T11:57:40 IST" duration-ms="17" status="PASS">
          <reporter-output>
          </reporter-output>
        </test-method> <!-- homePageTitleTest -->
        <test-method signature="homePageUrlTest()[pri:2, instance:com.qa.opencart.tests.HomePageTest@183ec003]" started-at="2022-12-12T11:57:40 IST" name="homePageUrlTest" finished-at="2022-12-12T11:57:40 IST" duration-ms="1" status="PASS">
          <reporter-output>
          </reporter-output>
        </test-method> <!-- homePageUrlTest -->
        <test-method signature="searchTest(java.lang.String)[pri:3, instance:com.qa.opencart.tests.HomePageTest@183ec003]" started-at="2022-12-12T11:57:40 IST" name="searchTest" data-provider="getProductData" finished-at="2022-12-12T11:57:41 IST" duration-ms="1305" status="PASS">
          <params>
            <param index="0">
              <value>
                <![CDATA[Macbook]]>
              </value>
            </param>
          </params>
          <reporter-output>
          </reporter-output>
        </test-method> <!-- searchTest -->
        <test-method signature="searchTest(java.lang.String)[pri:3, instance:com.qa.opencart.tests.HomePageTest@183ec003]" started-at="2022-12-12T11:57:41 IST" name="searchTest" data-provider="getProductData" finished-at="2022-12-12T11:57:42 IST" duration-ms="1147" status="PASS">
          <params>
            <param index="0">
              <value>
                <![CDATA[iphone]]>
              </value>
            </param>
          </params>
          <reporter-output>
          </reporter-output>
        </test-method> <!-- searchTest -->
        <test-method signature="searchTest(java.lang.String)[pri:3, instance:com.qa.opencart.tests.HomePageTest@183ec003]" started-at="2022-12-12T11:57:42 IST" name="searchTest" data-provider="getProductData" finished-at="2022-12-12T11:57:43 IST" duration-ms="992" status="PASS">
          <params>
            <param index="0">
              <value>
                <![CDATA[Samsung]]>
              </value>
            </param>
          </params>
          <reporter-output>
          </reporter-output>
        </test-method> <!-- searchTest -->
        <test-method is-config="true" signature="tearDown()[pri:0, instance:com.qa.opencart.tests.HomePageTest@183ec003]" started-at="2022-12-12T11:57:43 IST" name="tearDown" finished-at="2022-12-12T11:57:47 IST" duration-ms="3449" status="PASS">
          <reporter-output>
          </reporter-output>
        </test-method> <!-- tearDown -->
      </class> <!-- com.qa.opencart.tests.HomePageTest -->
    </test> <!-- Open Cart Home Page Test_Chromium -->
    <test started-at="2022-12-12T11:57:20 IST" name="Open Cart Login Page Test_Edge" finished-at="2022-12-12T11:57:50 IST" duration-ms="30514">
      <class name="com.qa.opencart.tests.LoginPageTest">
        <test-method is-config="true" signature="setup(java.lang.String)[pri:0, instance:com.qa.opencart.tests.LoginPageTest@3e08ff24]" started-at="2022-12-12T11:57:20 IST" name="setup" finished-at="2022-12-12T11:57:36 IST" duration-ms="16521" status="PASS">
          <params>
            <param index="0">
              <value>
                <![CDATA[edge]]>
              </value>
            </param>
          </params>
          <reporter-output>
          </reporter-output>
        </test-method> <!-- setup -->
        <test-method signature="loginPageNavigationTest()[pri:1, instance:com.qa.opencart.tests.LoginPageTest@3e08ff24]" started-at="2022-12-12T11:57:36 IST" name="loginPageNavigationTest" finished-at="2022-12-12T11:57:38 IST" duration-ms="1966" status="PASS">
          <reporter-output>
          </reporter-output>
        </test-method> <!-- loginPageNavigationTest -->
        <test-method signature="forgotPwdLinkWxistTest()[pri:2, instance:com.qa.opencart.tests.LoginPageTest@3e08ff24]" started-at="2022-12-12T11:57:38 IST" name="forgotPwdLinkWxistTest" finished-at="2022-12-12T11:57:38 IST" duration-ms="156" status="PASS">
          <reporter-output>
          </reporter-output>
        </test-method> <!-- forgotPwdLinkWxistTest -->
        <test-method signature="appLoginTest()[pri:3, instance:com.qa.opencart.tests.LoginPageTest@3e08ff24]" started-at="2022-12-12T11:57:38 IST" name="appLoginTest" finished-at="2022-12-12T11:57:41 IST" duration-ms="2998" status="PASS">
          <reporter-output>
          </reporter-output>
        </test-method> <!-- appLoginTest -->
        <test-method is-config="true" signature="tearDown()[pri:0, instance:com.qa.opencart.tests.LoginPageTest@3e08ff24]" started-at="2022-12-12T11:57:41 IST" name="tearDown" finished-at="2022-12-12T11:57:50 IST" duration-ms="8840" status="PASS">
          <reporter-output>
          </reporter-output>
        </test-method> <!-- tearDown -->
      </class> <!-- com.qa.opencart.tests.LoginPageTest -->
    </test> <!-- Open Cart Login Page Test_Edge -->
    <test started-at="2022-12-12T11:57:20 IST" name="Open Cart Login Page Test_Firefox" finished-at="2022-12-12T11:57:54 IST" duration-ms="34744">
      <class name="com.qa.opencart.tests.LoginPageTest">
        <test-method is-config="true" signature="setup(java.lang.String)[pri:0, instance:com.qa.opencart.tests.LoginPageTest@5890e879]" started-at="2022-12-12T11:57:20 IST" name="setup" finished-at="2022-12-12T11:57:50 IST" duration-ms="30250" status="PASS">
          <params>
            <param index="0">
              <value>
                <![CDATA[firefox]]>
              </value>
            </param>
          </params>
          <reporter-output>
          </reporter-output>
        </test-method> <!-- setup -->
        <test-method signature="loginPageNavigationTest()[pri:1, instance:com.qa.opencart.tests.LoginPageTest@5890e879]" started-at="2022-12-12T11:57:50 IST" name="loginPageNavigationTest" finished-at="2022-12-12T11:57:51 IST" duration-ms="1153" status="PASS">
          <reporter-output>
          </reporter-output>
        </test-method> <!-- loginPageNavigationTest -->
        <test-method signature="forgotPwdLinkWxistTest()[pri:2, instance:com.qa.opencart.tests.LoginPageTest@5890e879]" started-at="2022-12-12T11:57:51 IST" name="forgotPwdLinkWxistTest" finished-at="2022-12-12T11:57:51 IST" duration-ms="113" status="FAIL">
          <exception class="java.lang.AssertionError">
            <message>
              <![CDATA[expected [true] but found [false]]]>
            </message>
            <full-stacktrace>
              <![CDATA[java.lang.AssertionError: expected [true] but found [false]
at org.testng.Assert.fail(Assert.java:99)
at org.testng.Assert.failNotEquals(Assert.java:1037)
at org.testng.Assert.assertTrue(Assert.java:45)
at org.testng.Assert.assertTrue(Assert.java:55)
at com.qa.opencart.tests.LoginPageTest.forgotPwdLinkWxistTest(LoginPageTest.java:21)
at java.base/jdk.internal.reflect.DirectMethodHandleAccessor.invoke(DirectMethodHandleAccessor.java:104)
at java.base/java.lang.reflect.Method.invoke(Method.java:577)
at org.testng.internal.MethodInvocationHelper.invokeMethod(MethodInvocationHelper.java:133)
at org.testng.internal.TestInvoker.invokeMethod(TestInvoker.java:598)
at org.testng.internal.TestInvoker.invokeTestMethod(TestInvoker.java:173)
at org.testng.internal.MethodRunner.runInSequence(MethodRunner.java:46)
at org.testng.internal.TestInvoker$MethodInvocationAgent.invoke(TestInvoker.java:824)
at org.testng.internal.TestInvoker.invokeTestMethods(TestInvoker.java:146)
at org.testng.internal.TestMethodWorker.invokeTestMethods(TestMethodWorker.java:146)
at org.testng.internal.TestMethodWorker.run(TestMethodWorker.java:128)
at java.base/java.util.ArrayList.forEach(ArrayList.java:1511)
at org.testng.TestRunner.privateRun(TestRunner.java:794)
at org.testng.TestRunner.run(TestRunner.java:596)
at org.testng.SuiteRunner.runTest(SuiteRunner.java:377)
at org.testng.SuiteRunner.access$000(SuiteRunner.java:28)
at org.testng.SuiteRunner$SuiteWorker.run(SuiteRunner.java:418)
at org.testng.internal.thread.ThreadUtil.lambda$execute$0(ThreadUtil.java:64)
at java.base/java.util.concurrent.FutureTask.run(FutureTask.java:264)
at java.base/java.util.concurrent.ThreadPoolExecutor.runWorker(ThreadPoolExecutor.java:1136)
at java.base/java.util.concurrent.ThreadPoolExecutor$Worker.run(ThreadPoolExecutor.java:635)
at java.base/java.lang.Thread.run(Thread.java:833)
]]>
            </full-stacktrace>
          </exception> <!-- java.lang.AssertionError -->
          <reporter-output>
          </reporter-output>
        </test-method> <!-- forgotPwdLinkWxistTest -->
        <test-method signature="appLoginTest()[pri:3, instance:com.qa.opencart.tests.LoginPageTest@5890e879]" started-at="2022-12-12T11:57:52 IST" name="appLoginTest" finished-at="2022-12-12T11:57:53 IST" duration-ms="1100" status="FAIL">
          <exception class="java.lang.AssertionError">
            <message>
              <![CDATA[expected [true] but found [false]]]>
            </message>
            <full-stacktrace>
              <![CDATA[java.lang.AssertionError: expected [true] but found [false]
at org.testng.Assert.fail(Assert.java:99)
at org.testng.Assert.failNotEquals(Assert.java:1037)
at org.testng.Assert.assertTrue(Assert.java:45)
at org.testng.Assert.assertTrue(Assert.java:55)
at com.qa.opencart.tests.LoginPageTest.appLoginTest(LoginPageTest.java:27)
at java.base/jdk.internal.reflect.DirectMethodHandleAccessor.invoke(DirectMethodHandleAccessor.java:104)
at java.base/java.lang.reflect.Method.invoke(Method.java:577)
at org.testng.internal.MethodInvocationHelper.invokeMethod(MethodInvocationHelper.java:133)
at org.testng.internal.TestInvoker.invokeMethod(TestInvoker.java:598)
at org.testng.internal.TestInvoker.invokeTestMethod(TestInvoker.java:173)
at org.testng.internal.MethodRunner.runInSequence(MethodRunner.java:46)
at org.testng.internal.TestInvoker$MethodInvocationAgent.invoke(TestInvoker.java:824)
at org.testng.internal.TestInvoker.invokeTestMethods(TestInvoker.java:146)
at org.testng.internal.TestMethodWorker.invokeTestMethods(TestMethodWorker.java:146)
at org.testng.internal.TestMethodWorker.run(TestMethodWorker.java:128)
at java.base/java.util.ArrayList.forEach(ArrayList.java:1511)
at org.testng.TestRunner.privateRun(TestRunner.java:794)
at org.testng.TestRunner.run(TestRunner.java:596)
at org.testng.SuiteRunner.runTest(SuiteRunner.java:377)
at org.testng.SuiteRunner.access$000(SuiteRunner.java:28)
at org.testng.SuiteRunner$SuiteWorker.run(SuiteRunner.java:418)
at org.testng.internal.thread.ThreadUtil.lambda$execute$0(ThreadUtil.java:64)
at java.base/java.util.concurrent.FutureTask.run(FutureTask.java:264)
at java.base/java.util.concurrent.ThreadPoolExecutor.runWorker(ThreadPoolExecutor.java:1136)
at java.base/java.util.concurrent.ThreadPoolExecutor$Worker.run(ThreadPoolExecutor.java:635)
at java.base/java.lang.Thread.run(Thread.java:833)
]]>
            </full-stacktrace>
          </exception> <!-- java.lang.AssertionError -->
          <reporter-output>
          </reporter-output>
        </test-method> <!-- appLoginTest -->
        <test-method is-config="true" signature="tearDown()[pri:0, instance:com.qa.opencart.tests.LoginPageTest@5890e879]" started-at="2022-12-12T11:57:53 IST" name="tearDown" finished-at="2022-12-12T11:57:54 IST" duration-ms="1402" status="PASS">
          <reporter-output>
          </reporter-output>
        </test-method> <!-- tearDown -->
      </class> <!-- com.qa.opencart.tests.LoginPageTest -->
    </test> <!-- Open Cart Login Page Test_Firefox -->
  </suite> <!-- Open Cart Test Regression PW Suite -->
</testng-results>
